1575330810911	geckodriver	INFO	geckodriver 0.18.0
1575330810985	geckodriver	INFO	Listening on 127.0.0.1:54995
1575330812188	geckodriver::marionette	INFO	Starting browser /Applications/Firefox.app/Contents/MacOS/firefox-bin with args ["-marionette"]
1575330813101	addons.xpi	WARN	Error parsing extensions state: [Exception... "Component returned failure code: 0x80520012 (NS_ERROR_FILE_NOT_FOUND) [amIAddonManagerStartup.readStartupData]"  nsresult: "0x80520012 (NS_ERROR_FILE_NOT_FOUND)"  location: "JS frame :: resource://gre/modules/addons/XPIProvider.jsm :: loadExtensionState :: line 1596"  data: no] Stack trace: loadExtensionState()@resource://gre/modules/addons/XPIProvider.jsm:1596 < getInstallState()@resource://gre/modules/addons/XPIProvider.jsm:1631 < checkForChanges()@resource://gre/modules/addons/XPIProvider.jsm:3152 < startup()@resource://gre/modules/addons/XPIProvider.jsm:2246 < callProvider()@resource://gre/modules/AddonManager.jsm:271 < _startProvider()@resource://gre/modules/AddonManager.jsm:741 < startup()@resource://gre/modules/AddonManager.jsm:908 < startup()@resource://gre/modules/AddonManager.jsm:3122 < observe()@jar:file:///Applications/Firefox.app/Contents/Resources/omni.ja!/components/addonManager.js:65
1575330813676	Marionette	INFO	Enabled via --marionette
2019-12-02 18:53:35.581 plugin-container[35873:871510] *** CFMessagePort: bootstrap_register(): failed 1100 (0x44c) 'Permission denied', port = 0xaf3b, name = 'com.apple.tsm.portname'
See /usr/include/servers/bootstrap_defs.h for the error codes.
2019-12-02 18:53:35.584 plugin-container[35873:871510] *** CFMessagePort: bootstrap_register(): failed 1100 (0x44c) 'Permission denied', port = 0xb203, name = 'com.apple.CFPasteboardClient'
See /usr/include/servers/bootstrap_defs.h for the error codes.
1575330816461	Marionette	INFO	Listening on port 55006
JavaScript error: chrome://marionette/content/server.js, line 337: NS_ERROR_SOCKET_ADDRESS_IN_USE: Component returned failure code: 0x804b0036 (NS_ERROR_SOCKET_ADDRESS_IN_USE) [nsIServerSocket.initSpecialConnection]
1575330816569	Marionette	WARN	TLS certificate errors will be ignored for this session
1575330816611	Marionette	DEBUG	loaded listener.js
1575330816640	Marionette	DEBUG	Received DOM event "beforeunload" for "about:blank"
1575330817054	Marionette	DEBUG	Received DOM event "pagehide" for "about:blank"
1575330817054	Marionette	DEBUG	Received DOM event "unload" for "about:blank"
1575330817735	Marionette	DEBUG	Received DOM event "DOMContentLoaded" for "https://killersports.com/nba/query"
1575330818577	Marionette	DEBUG	Received DOM event "pageshow" for "https://killersports.com/nba/query"
1575330818819	Marionette	DEBUG	Received DOM event "beforeunload" for "https://killersports.com/nba/query"
1575330818925	Marionette	DEBUG	Received DOM event "pagehide" for "https://killersports.com/nba/query"
1575330818926	Marionette	DEBUG	Received DOM event "unload" for "https://killersports.com/nba/query"
1575330819010	Marionette	DEBUG	Received DOM event "DOMContentLoaded" for "https://killersports.com/nba/query?sdql=date%3D20150224&submit=++S+D+Q+L+%21++"
1575330820030	Marionette	DEBUG	Received DOM event "pageshow" for "https://killersports.com/nba/query?sdql=date%3D20150224&submit=++S+D+Q+L+%21++"
1575330820327	Marionette	INFO	New connections will no longer be accepted
1575330820542	geckodriver	INFO	geckodriver 0.18.0
1575330820599	geckodriver	INFO	Listening on 127.0.0.1:55157
1575330821647	geckodriver::marionette	INFO	Starting browser /Applications/Firefox.app/Contents/MacOS/firefox-bin with args ["-marionette"]
1575330822001	addons.xpi	WARN	Error parsing extensions state: [Exception... "Component returned failure code: 0x80520012 (NS_ERROR_FILE_NOT_FOUND) [amIAddonManagerStartup.readStartupData]"  nsresult: "0x80520012 (NS_ERROR_FILE_NOT_FOUND)"  location: "JS frame :: resource://gre/modules/addons/XPIProvider.jsm :: loadExtensionState :: line 1596"  data: no] Stack trace: loadExtensionState()@resource://gre/modules/addons/XPIProvider.jsm:1596 < getInstallState()@resource://gre/modules/addons/XPIProvider.jsm:1631 < checkForChanges()@resource://gre/modules/addons/XPIProvider.jsm:3152 < startup()@resource://gre/modules/addons/XPIProvider.jsm:2246 < callProvider()@resource://gre/modules/AddonManager.jsm:271 < _startProvider()@resource://gre/modules/AddonManager.jsm:741 < startup()@resource://gre/modules/AddonManager.jsm:908 < startup()@resource://gre/modules/AddonManager.jsm:3122 < observe()@jar:file:///Applications/Firefox.app/Contents/Resources/omni.ja!/components/addonManager.js:65
1575330822395	Marionette	INFO	Enabled via --marionette
2019-12-02 18:53:43.557 plugin-container[35903:872217] *** CFMessagePort: bootstrap_register(): failed 1100 (0x44c) 'Permission denied', port = 0xaf37, name = 'com.apple.tsm.portname'
See /usr/include/servers/bootstrap_defs.h for the error codes.
2019-12-02 18:53:43.560 plugin-container[35903:872217] *** CFMessagePort: bootstrap_register(): failed 1100 (0x44c) 'Permission denied', port = 0xb203, name = 'com.apple.CFPasteboardClient'
See /usr/include/servers/bootstrap_defs.h for the error codes.
1575330823938	Marionette	INFO	Listening on port 55168
JavaScript error: chrome://marionette/content/server.js, line 337: NS_ERROR_SOCKET_ADDRESS_IN_USE: Component returned failure code: 0x804b0036 (NS_ERROR_SOCKET_ADDRESS_IN_USE) [nsIServerSocket.initSpecialConnection]
1575330824039	Marionette	WARN	TLS certificate errors will be ignored for this session
1575330824079	Marionette	DEBUG	loaded listener.js
1575330824100	Marionette	DEBUG	Received DOM event "beforeunload" for "about:blank"
1575330824488	Marionette	DEBUG	Received DOM event "pagehide" for "about:blank"
1575330824488	Marionette	DEBUG	Received DOM event "unload" for "about:blank"
1575330825092	Marionette	DEBUG	Received DOM event "DOMContentLoaded" for "https://killersports.com/nba/query"
1575330825523	Marionette	DEBUG	Received DOM event "pageshow" for "https://killersports.com/nba/query"
1575330835564	Marionette	INFO	New connections will no longer be accepted
1575330835773	geckodriver	INFO	geckodriver 0.18.0
1575330835826	geckodriver	INFO	Listening on 127.0.0.1:55309
1575330836892	geckodriver::marionette	INFO	Starting browser /Applications/Firefox.app/Contents/MacOS/firefox-bin with args ["-marionette"]
1575330837205	addons.xpi	WARN	Error parsing extensions state: [Exception... "Component returned failure code: 0x80520012 (NS_ERROR_FILE_NOT_FOUND) [amIAddonManagerStartup.readStartupData]"  nsresult: "0x80520012 (NS_ERROR_FILE_NOT_FOUND)"  location: "JS frame :: resource://gre/modules/addons/XPIProvider.jsm :: loadExtensionState :: line 1596"  data: no] Stack trace: loadExtensionState()@resource://gre/modules/addons/XPIProvider.jsm:1596 < getInstallState()@resource://gre/modules/addons/XPIProvider.jsm:1631 < checkForChanges()@resource://gre/modules/addons/XPIProvider.jsm:3152 < startup()@resource://gre/modules/addons/XPIProvider.jsm:2246 < callProvider()@resource://gre/modules/AddonManager.jsm:271 < _startProvider()@resource://gre/modules/AddonManager.jsm:741 < startup()@resource://gre/modules/AddonManager.jsm:908 < startup()@resource://gre/modules/AddonManager.jsm:3122 < observe()@jar:file:///Applications/Firefox.app/Contents/Resources/omni.ja!/components/addonManager.js:65
1575330837576	Marionette	INFO	Enabled via --marionette
1575330838128	geckodriver	INFO	geckodriver 0.18.0
1575330838181	geckodriver	INFO	Listening on 127.0.0.1:55347
